\BOOKMARK [1][-]{section.1}{Descripci\363n del problema}{}% 1
\BOOKMARK [1][-]{section.2}{An\341lisis de datos}{}% 2
\BOOKMARK [2][-]{subsection.2.1}{Valores nulos}{section.2}% 3
\BOOKMARK [2][-]{subsection.2.2}{Correlaci\363n}{section.2}% 4
\BOOKMARK [2][-]{subsection.2.3}{Relaci\363n con la etiqueta de la salida}{section.2}% 5
\BOOKMARK [2][-]{subsection.2.4}{M\351trica y balanceo}{section.2}% 6
\BOOKMARK [1][-]{section.3}{Resultados obtenidos}{}% 7
\BOOKMARK [1][-]{section.4}{Preprocesado}{}% 8
\BOOKMARK [2][-]{subsection.4.1}{C\363digo original \(Base\)}{section.4}% 9
\BOOKMARK [2][-]{subsection.4.2}{Transformaciones}{section.4}% 10
\BOOKMARK [3][-]{subsubsection.4.2.1}{Fechas}{subsection.4.2}% 11
\BOOKMARK [3][-]{subsubsection.4.2.2}{Distancia a un punto}{subsection.4.2}% 12
\BOOKMARK [3][-]{subsubsection.4.2.3}{Word2Vector}{subsection.4.2}% 13
\BOOKMARK [3][-]{subsubsection.4.2.4}{Orden por clasificaci\363n de las variables categ\363ricas}{subsection.4.2}% 14
\BOOKMARK [2][-]{subsection.4.3}{Reducci\363n de la dimensionalidad}{section.4}% 15
\BOOKMARK [3][-]{subsubsection.4.3.1}{Eliminaci\363n de caracter\355sticas}{subsection.4.3}% 16
\BOOKMARK [3][-]{subsubsection.4.3.2}{Reducci\363n de caracter\355sticas}{subsection.4.3}% 17
\BOOKMARK [3][-]{subsubsection.4.3.3}{Eliminaci\363n de instancias \(Ruido\)}{subsection.4.3}% 18
\BOOKMARK [2][-]{subsection.4.4}{Imputaci\363n}{section.4}% 19
\BOOKMARK [3][-]{subsubsection.4.4.1}{Imputaci\363n de longitud y latitud}{subsection.4.4}% 20
\BOOKMARK [3][-]{subsubsection.4.4.2}{Imputaci\363n de altura}{subsection.4.4}% 21
\BOOKMARK [3][-]{subsubsection.4.4.3}{Otras imputaciones}{subsection.4.4}% 22
\BOOKMARK [1][-]{section.5}{Clasificadores}{}% 23
\BOOKMARK [2][-]{subsection.5.1}{Uso de dos clasificadores \(Dual\)}{section.5}% 24
\BOOKMARK [2][-]{subsection.5.2}{Uso de tres clasficadores \(Triple\)}{section.5}% 25
\BOOKMARK [1][-]{section.6}{Ajuste de hiperpar\341metros}{}% 26
\BOOKMARK [2][-]{subsection.6.1}{Algoritmo gen\351tico para los hiperpar\341metros}{section.6}% 27
\BOOKMARK [2][-]{subsection.6.2}{Evitar sobreajuste}{section.6}% 28
\BOOKMARK [2][-]{subsection.6.3}{Extra. Differential evolution para ponderaci\363n de clasificadores individuales}{section.6}% 29
\BOOKMARK [1][-]{section.7}{Reflexiones finales}{}% 30
